[INFO] Scanning for projects...
[INFO] 
[INFO] ------------< com.example:sprih-event-notification-system >-------------
[INFO] Building sprih-event-notification-system 0.0.1-SNAPSHOT
[INFO]   from pom.xml
[INFO] --------------------------------[ jar ]---------------------------------
[INFO] 
[INFO] >>> spring-boot:4.0.0:run (default-cli) > test-compile @ sprih-event-notification-system >>>
[INFO] 
[INFO] --- resources:3.3.1:resources (default-resources) @ sprih-event-notification-system ---
[INFO] Copying 1 resource from src/main/resources to target/classes
[INFO] Copying 0 resource from src/main/resources to target/classes
[INFO] 
[INFO] --- compiler:3.14.1:compile (default-compile) @ sprih-event-notification-system ---
[INFO] Nothing to compile - all classes are up to date.
[INFO] 
[INFO] --- resources:3.3.1:testResources (default-testResources) @ sprih-event-notification-system ---
[INFO] skip non existing resourceDirectory /Users/jigyarth.joshi/Desktop/sprih-notification-assignment/sprih-event-notification-system/src/test/resources
[INFO] 
[INFO] --- compiler:3.14.1:testCompile (default-testCompile) @ sprih-event-notification-system ---
[INFO] Nothing to compile - all classes are up to date.
[INFO] 
[INFO] <<< spring-boot:4.0.0:run (default-cli) < test-compile @ sprih-event-notification-system <<<
[INFO] 
[INFO] 
[INFO] --- spring-boot:4.0.0:run (default-cli) @ sprih-event-notification-system ---
[INFO] Attaching agents: []

  .   ____          _            __ _ _
 /\\ / ___'_ __ _ _(_)_ __  __ _ \ \ \ \
( ( )\___ | '_ | '_| | '_ \/ _` | \ \ \ \
 \\/  ___)| |_)| | | | | || (_| |  ) ) ) )
  '  |____| .__|_| |_|_| |_\__, | / / / /
 =========|_|==============|___/=/_/_/_/

 :: Spring Boot ::                (v4.0.0)

2025-12-01T12:51:20.610+05:30  INFO 45556 --- [sprih-event-notification-system] [           main] c.e.s.EventNotificationSystemApplication : Starting EventNotificationSystemApplication using Java 21.0.2 with PID 45556 (/Users/jigyarth.joshi/Desktop/sprih-notification-assignment/sprih-event-notification-system/target/classes started by jigyarth.joshi in /Users/jigyarth.joshi/Desktop/sprih-notification-assignment/sprih-event-notification-system)
2025-12-01T12:51:20.612+05:30  INFO 45556 --- [sprih-event-notification-system] [           main] c.e.s.EventNotificationSystemApplication : No active profile set, falling back to 1 default profile: "default"
2025-12-01T12:51:20.952+05:30  INFO 45556 --- [sprih-event-notification-system] [           main] o.s.boot.tomcat.TomcatWebServer          : Tomcat initialized with port 8080 (http)
2025-12-01T12:51:20.957+05:30  INFO 45556 --- [sprih-event-notification-system] [           main] o.apache.catalina.core.StandardService   : Starting service [Tomcat]
2025-12-01T12:51:20.957+05:30  INFO 45556 --- [sprih-event-notification-system] [           main] o.apache.catalina.core.StandardEngine    : Starting Servlet engine: [Apache Tomcat/11.0.14]
2025-12-01T12:51:20.977+05:30  INFO 45556 --- [sprih-event-notification-system] [           main] b.w.c.s.WebApplicationContextInitializer : Root WebApplicationContext: initialization completed in 342 ms
2025-12-01T12:51:21.147+05:30  INFO 45556 --- [sprih-event-notification-system] [           main] o.s.b.a.e.web.EndpointLinksResolver      : Exposing 1 endpoint beneath base path '/actuator'
2025-12-01T12:51:21.169+05:30  WARN 45556 --- [sprih-event-notification-system] [           main] ConfigServletWebServerApplicationContext : Exception encountered during context initialization - cancelling refresh attempt: org.springframework.context.ApplicationContextException: Failed to start bean 'webServerStartStop'
